<?xml version="1.0" encoding="UTF-8"?>
<testng-results ignored="0" total="1" passed="1" failed="0" skipped="0">
  <reporter-output>
  </reporter-output>
  <suite started-at="2021-12-23T17:00:29 GMT" name="Default Suite" finished-at="2021-12-23T17:01:14 GMT" duration-ms="44430">
    <groups>
    </groups>
    <test started-at="2021-12-23T17:00:29 GMT" name="myStoreProject" finished-at="2021-12-23T17:01:14 GMT" duration-ms="44430">
      <class name="com.mystore.testcases.EndToEndTest">
        <test-method is-config="true" signature="readConfig()[pri:0, instance:com.mystore.testcases.EndToEndTest@4387b79e]" started-at="2021-12-23T17:00:29 GMT" name="readConfig" finished-at="2021-12-23T17:00:29 GMT" duration-ms="10" status="PASS">
          <reporter-output>
          </reporter-output>
        </test-method> <!-- readConfig -->
        <test-method is-config="true" signature="setup()[pri:0, instance:com.mystore.testcases.EndToEndTest@4387b79e]" started-at="2021-12-23T17:00:29 GMT" name="setup" finished-at="2021-12-23T17:00:36 GMT" duration-ms="7224" status="PASS">
          <reporter-output>
          </reporter-output>
        </test-method> <!-- setup -->
        <test-method signature="endToEndTest()[pri:0, instance:com.mystore.testcases.EndToEndTest@4387b79e]" started-at="2021-12-23T17:00:36 GMT" name="endToEndTest" finished-at="2021-12-23T17:01:12 GMT" duration-ms="35917" status="PASS">
          <reporter-output>
          </reporter-output>
        </test-method> <!-- endToEndTest -->
        <test-method is-config="true" signature="tearDown()[pri:0, instance:com.mystore.testcases.EndToEndTest@4387b79e]" started-at="2021-12-23T17:01:12 GMT" name="tearDown" finished-at="2021-12-23T17:01:14 GMT" duration-ms="1245" status="PASS">
          <reporter-output>
          </reporter-output>
        </test-method> <!-- tearDown -->
      </class> <!-- com.mystore.testcases.EndToEndTest -->
    </test> <!-- myStoreProject -->
  </suite> <!-- Default Suite -->
</testng-results>
